<?xml version="1.0" encoding="UTF-8"?>
<testng-results ignored="0" total="1" passed="1" failed="0" skipped="0">
  <reporter-output>
  </reporter-output>
  <suite started-at="2024-05-03T20:50:50 EDT" name="Default suite" finished-at="2024-05-03T20:50:59 EDT" duration-ms="8623">
    <groups>
    </groups>
    <test started-at="2024-05-03T20:50:50 EDT" name="Default test" finished-at="2024-05-03T20:50:59 EDT" duration-ms="8623">
      <class name="scrollUpAndDown">
        <test-method is-config="true" signature="setup()[pri:0, instance:scrollUpAndDown@41d477ed]" started-at="2024-05-03T20:50:50 EDT" name="setup" finished-at="2024-05-03T20:50:56 EDT" duration-ms="5538" status="PASS">
          <reporter-output>
          </reporter-output>
        </test-method> <!-- setup -->
        <test-method signature="scrollUpDown()[pri:0, instance:scrollUpAndDown@41d477ed]" started-at="2024-05-03T20:50:56 EDT" name="scrollUpDown" finished-at="2024-05-03T20:50:59 EDT" duration-ms="3055" status="PASS">
          <reporter-output>
          </reporter-output>
        </test-method> <!-- scrollUpDown -->
      </class> <!-- scrollUpAndDown -->
    </test> <!-- Default test -->
  </suite> <!-- Default suite -->
</testng-results>
