<?xml version="1.0" encoding="UTF-8"?>
<testng-results ignored="0" total="1" passed="1" failed="0" skipped="0">
  <reporter-output>
  </reporter-output>
  <suite started-at="2024-05-03T18:37:24 EDT" name="Default suite" finished-at="2024-05-03T18:37:30 EDT" duration-ms="5704">
    <groups>
    </groups>
    <test started-at="2024-05-03T18:37:24 EDT" name="Default test" finished-at="2024-05-03T18:37:30 EDT" duration-ms="5704">
      <class name="resizeBrowser">
        <test-method signature="resizeBrowserWindow()[pri:1, instance:resizeBrowser@235834f2]" started-at="2024-05-03T18:37:24 EDT" name="resizeBrowserWindow" finished-at="2024-05-03T18:37:30 EDT" duration-ms="5675" status="PASS">
          <reporter-output>
          </reporter-output>
        </test-method> <!-- resizeBrowserWindow -->
      </class> <!-- resizeBrowser -->
    </test> <!-- Default test -->
  </suite> <!-- Default suite -->
</testng-results>
